<?xml version="1.0" encoding="UTF-8"?>
<!-- Generated by org.testng.reporters.JUnitXMLReporter -->
<testsuite hostname="HMECL002384" ignored="0" name="Default test" tests="5" failures="0" timestamp="2020-03-25T17:38:37 IST" time="55.696" errors="0">
  <testcase name="enterURL" time="11.556" classname="demo.link_log"/>
  <testcase name="contactus" time="2.804" classname="demo.link_log"/>
  <testcase name="geeksURL" time="18.645" classname="demo.link_log"/>
  <testcase name="tutorialspointURL" time="20.403" classname="demo.link_log"/>
  <testcase name="closethebrowser" time="2.218" classname="demo.link_log"/>
</testsuite> <!-- Default test -->
